Arguments: 
  /usr/bin/node /usr/share/yarn/bin/yarn.js add sass bootstrap bootstrap-icons @popperjs/core

PATH: 
  /var/lib/gems/2.7.0/bin:/usr/local/sbin:/usr/local/bin:/usr/sbin:/usr/bin:/sbin:/bin:/usr/games:/usr/local/games:/snap/bin

Yarn version: 
  1.22.18

Node version: 
  10.19.0

Platform: 
  linux x64

Trace: 
  SyntaxError: /home/david/blog/blog/package.json: Unexpected string in JSON at position 41
      at JSON.parse (<anonymous>)
      at /usr/share/yarn/lib/cli.js:1625:59
      at Generator.next (<anonymous>)
      at step (/usr/share/yarn/lib/cli.js:310:30)
      at /usr/share/yarn/lib/cli.js:321:13

npm manifest: 
  {
    "name": "app",
    "private": "true"
    "scripts": { "build:css": "sass ./app/assets/stylesheets/application.bootstrap.scss ./app/assets/builds/application.css --no-source-map --load-path=node_modules" }
  }

yarn manifest: 
  No manifest

Lockfile: 
  # THIS IS AN AUTOGENERATED FILE. DO NOT EDIT THIS FILE DIRECTLY.
  # yarn lockfile v1
